<?xml version="1.0" encoding="UTF-8" ?>
<testsuite errors="0" failures="2" hostname="MCHUBA01" name="com.wm.ps.test.WmTestSuite [MedTestSuiteDemo]" skipped="0" tests="5" time="0.308" timestamp="2018-01-22T13:55:42">
  <properties>
    <property name="java.vendor" value="Oracle Corporation" />
    <property name="sun.java.launcher" value="SUN_STANDARD" />
    <property name="sun.management.compiler" value="HotSpot 64-Bit Tiered Compilers" />
    <property name="os.name" value="Windows 7" />
    <property name="sun.boot.class.path" value="C:\SoftwareAG101\jvm\jvm\jre\lib\resources.jar;C:\SoftwareAG101\jvm\jvm\jre\lib\rt.jar;C:\SoftwareAG101\jvm\jvm\jre\lib\sunrsasign.jar;C:\SoftwareAG101\jvm\jvm\jre\lib\jsse.jar;C:\SoftwareAG101\jvm\jvm\jre\lib\jce.jar;C:\SoftwareAG101\jvm\jvm\jre\lib\charsets.jar;C:\SoftwareAG101\jvm\jvm\jre\lib\jfr.jar;C:\SoftwareAG101\jvm\jvm\jre\classes" />
    <property name="test.reports.dir" value="C:\SoftwareAG101\IntegrationServer\instances\default\packages\MedTestSuiteDemo_Test\resources\test\reports" />
    <property name="sun.desktop" value="windows" />
    <property name="java.vm.specification.vendor" value="Oracle Corporation" />
    <property name="ant.home" value="C:\SoftwareAG101\common\lib\ant" />
    <property name="resource.dir" value="C:\SoftwareAG101\IntegrationServer\instances\default\packages\MedTestSuiteDemo_Test\resources" />
    <property name="java.runtime.version" value="1.8.0_141-b15" />
    <property name="user.name" value="HUBA" />
    <property name="user.language" value="en" />
    <property name="sun.boot.library.path" value="C:\SoftwareAG101\jvm\jvm\jre\bin" />
    <property name="webMethods.package.dir" value="C:\SoftwareAG101\IntegrationServer\instances\default\packages\MedTestSuiteDemo_Test" />
    <property name="ant.project.default-target" value="test-and-report-xml" />
    <property name="ant.project.name" value="MedTestSuiteAuto" />
    <property name="java.version" value="1.8.0_141" />
    <property name="user.timezone" value="" />
    <property name="sun.arch.data.model" value="64" />
    <property name="java.endorsed.dirs" value="C:\SoftwareAG101\jvm\jvm\jre\lib\endorsed" />
    <property name="sun.cpu.isalist" value="amd64" />
    <property name="sun.jnu.encoding" value="Cp1252" />
    <property name="file.encoding.pkg" value="sun.io" />
    <property name="file.separator" value="\" />
    <property name="java.specification.name" value="Java Platform API Specification" />
    <property name="webMethods.test.setup.filename" value="C:\SoftwareAG101\IntegrationServer\instances\default\packages\MedTestSuiteDemo_Test\resources\test\setup\MedTestSuiteDemo.xml" />
    <property name="java.class.version" value="52.0" />
    <property name="user.country" value="US" />
    <property name="webMethods.integrationServer.userid" value="Administrator" />
    <property name="java.home" value="C:\SoftwareAG101\jvm\jvm\jre" />
    <property name="webMethods.dir" value="C:\SoftwareAG101" />
    <property name="java.vm.info" value="mixed mode" />
    <property name="ant.file" value="C:\SoftwareAG101\common\lib\ant\bin\build-runtestsuite1.xml" />
    <property name="os.version" value="6.1" />
    <property name="test.setup.file" value="C:\SoftwareAG101\IntegrationServer\instances\default\packages\MedTestSuiteDemo_Test\resources\test\data" />
    <property name="ant.file.MedTestSuiteAuto" value="C:\SoftwareAG101\common\lib\ant\bin\build-runtestsuite1.xml" />
    <property name="path.separator" value=";" />
    <property name="java.vm.version" value="25.141-b15" />
    <property name="user.variant" value="" />
    <property name="ant.library.dir" value="C:\SoftwareAG101\common\lib\ant\lib" />
    <property name="webMethods.integrationServer.port" value="5566" />
    <property name="java.awt.printerjob" value="sun.awt.windows.WPrinterJob" />
    <property name="sun.io.unicode.encoding" value="UnicodeLittle" />
    <property name="test.xml.dir.exists" value="true" />
    <property name="awt.toolkit" value="sun.awt.windows.WToolkit" />
    <property name="sun.stdout.encoding" value="cp437" />
    <property name="user.script" value="" />
    <property name="user.home" value="C:\Users\huba" />
    <property name="java.specification.vendor" value="Oracle Corporation" />
    <property name="java.library.path" value="C:\SoftwareAG101\jvm\jvm\jre\bin;C:\Windows\Sun\Java\bin;C:\Windows\system32;C:\Windows;C:\app\HUBA\product\11.1.0\db_2\bin;C:\csvn\bin\;C:\csvn\Python25\;C:\app\HUBA\product\11.2.0\dbhome_1\bin;C:\ProgramData\Oracle\Java\javapath;C:\Windows\system32;C:\Windows;C:\Windows\System32\Wbem;C:\Windows\System32\WindowsPowerShell\v1.0\;C:\Windows\SysWOW64\Empirum;C:\Program Files\TortoiseSVN\bin;C:\Program Files\Microsoft SQL Server\Client SDK\ODBC\110\Tools\Binn\;C:\Program Files (x86)\Microsoft SQL Server\120\Tools\Binn\;C:\Program Files\Microsoft SQL Server\120\Tools\Binn\;C:\Program Files\Microsoft SQL Server\120\DTS\Binn\;C:\Program Files (x86)\Microsoft SQL Server\120\Tools\Binn\ManagementStudio\;C:\Program Files (x86)\Microsoft SQL Server\120\DTS\Binn\;C:\Program Files (x86)\Skype\Phone\;C:\SoftwareAG101\common\lib\ant\bin;C:\SoftwareAG101\jvm\jvm\bin;C:\SoftwareAG912\CommandCentral\client\bin;." />
    <property name="java.vendor.url" value="http://java.oracle.com/" />
    <property name="java.vm.vendor" value="Oracle Corporation" />
    <property name="java.runtime.name" value="Java(TM) SE Runtime Environment" />
    <property name="sun.java.command" value="org.apache.tools.ant.taskdefs.optional.junit.JUnitTestRunner com.wm.ps.test.WmTestSuite skipNonTests=false filtertrace=true haltOnError=false haltOnFailure=false formatter=org.apache.tools.ant.taskdefs.optional.junit.SummaryJUnitResultFormatter showoutput=true outputtoformatters=true logfailedtests=true threadid=0 logtestlistenerevents=false formatter=org.apache.tools.ant.taskdefs.optional.junit.XMLJUnitResultFormatter,C:\SoftwareAG101\IntegrationServer\instances\default\packages\MedTestSuiteDemo_Test\resources\test\reports\TEST-MedTestSuiteDemo.xml crashfile=C:\SoftwareAG101\common\lib\ant\bin\junitvmwatcher5664309397563663863.properties propsfile=C:\SoftwareAG101\common\lib\ant\bin\junit2791241061059069103.properties" />
    <property name="java.class.path" value="C:\SoftwareAG101\Designer\eclipse\plugins\com.sag.gcs.wmtestsuite_10.1.0.0000-0022\resources\jars\commons-jxpath-1.2.jar;C:\SoftwareAG101\Designer\eclipse\plugins\com.sag.gcs.wmtestsuite_10.1.0.0000-0022\resources\jars\httpunit.jar;C:\SoftwareAG101\Designer\eclipse\plugins\com.sag.gcs.wmtestsuite_10.1.0.0000-0022\resources\jars\junit.jar;C:\SoftwareAG101\Designer\eclipse\plugins\com.sag.gcs.wmtestsuite_10.1.0.0000-0022\resources\jars\serviceInterceptor.jar;C:\SoftwareAG101\Designer\eclipse\plugins\com.sag.gcs.wmtestsuite_10.1.0.0000-0022\resources\jars\serviceMockClient.jar;C:\SoftwareAG101\Designer\eclipse\plugins\com.sag.gcs.wmtestsuite_10.1.0.0000-0022\resources\jars\serviceMockClient_javadoc.jar;C:\SoftwareAG101\Designer\eclipse\plugins\com.sag.gcs.wmtestsuite_10.1.0.0000-0022\resources\jars\wmjxpath.jar;C:\SoftwareAG101\Designer\eclipse\plugins\com.sag.gcs.wmtestsuite_10.1.0.0000-0022\resources\jars\xml-apis.jar;C:\SoftwareAG101\Designer\eclipse\plugins\com.sag.gcs.wmtestsuite_10.1.0.0000-0022\resources\jars\xmlunit1.0.jar;C:\SoftwareAG101\common\lib\CentraSiteAssetManagement-API.jar;C:\SoftwareAG101\common\lib\CentraSiteCommons.jar;C:\SoftwareAG101\common\lib\CentraSiteDownloadDocuments.jar;C:\SoftwareAG101\common\lib\CentraSiteDynLoader.jar;C:\SoftwareAG101\common\lib\CentraSiteDynLoaderExt.jar;C:\SoftwareAG101\common\lib\CentraSiteFramework-L10N.jar;C:\SoftwareAG101\common\lib\CentraSiteFramework-L10N_en.jar;C:\SoftwareAG101\common\lib\CentraSiteFramework-common.jar;C:\SoftwareAG101\common\lib\CentraSiteImportExport.jar;C:\SoftwareAG101\common\lib\CentraSiteJAXR-API.jar;C:\SoftwareAG101\common\lib\CentraSiteJMXAdmin-L10N.jar;C:\SoftwareAG101\common\lib\CentraSiteJMXAdmin-L10N_en.jar;C:\SoftwareAG101\common\lib\CentraSiteJMXAdmin.jar;C:\SoftwareAG101\common\lib\CentraSiteLCM-L10N.jar;C:\SoftwareAG101\common\lib\CentraSiteLCM-L10N_en.jar;C:\SoftwareAG101\common\lib\CentraSiteLCM-api.jar;C:\SoftwareAG101\common\lib\CentraSiteLCM.jar;C:\SoftwareAG101\common\lib\CentraSiteLogicLayer-API.jar;C:\SoftwareAG101\common\lib\CentraSiteLogicLayer-L10N.jar;C:\SoftwareAG101\common\lib\CentraSiteLogicLayer-L10N_en.jar;C:\SoftwareAG101\common\lib\CentraSiteLogicLayer-impl.jar;C:\SoftwareAG101\common\lib\CentraSiteMediatorDeployer.jar;C:\SoftwareAG101\common\lib\CentraSitePolicy-API.jar;C:\SoftwareAG101\common\lib\CentraSiteResourceAccess-API.jar;C:\SoftwareAG101\common\lib\CentraSiteUtils-L10N.jar;C:\SoftwareAG101\common\lib\CentraSiteUtils-L10N_en.jar;C:\SoftwareAG101\common\lib\CentraSiteUtils.jar;C:\SoftwareAG101\common\lib\CentraSiteVMS-L10N.jar;C:\SoftwareAG101\common\lib\CentraSiteVMS-L10N_en.jar;C:\SoftwareAG101\common\lib\CentraSiteVMS.jar;C:\SoftwareAG101\common\lib\INMConfiguration-L10N.jar;C:\SoftwareAG101\common\lib\INMConfiguration-L10N_en.jar;C:\SoftwareAG101\common\lib\INMConfiguration.jar;C:\SoftwareAG101\common\lib\PolicyLogBindings.jar;C:\SoftwareAG101\common\lib\TaminoAPI4J-l10n.jar;C:\SoftwareAG101\common\lib\TaminoAPI4J-l10n_en.jar;C:\SoftwareAG101\common\lib\TaminoAPI4J.jar;C:\SoftwareAG101\common\lib\ant\ant-contrib-1.0b3.jar;C:\SoftwareAG101\common\lib\ant\ant-unit.jar;C:\SoftwareAG101\common\lib\ant\etc\ant-bootstrap.jar;C:\SoftwareAG101\common\lib\ant\lib\ant-antlr.jar;C:\SoftwareAG101\common\lib\ant\lib\ant-apache-bcel.jar;C:\SoftwareAG101\common\lib\ant\lib\ant-apache-bsf.jar;C:\SoftwareAG101\common\lib\ant\lib\ant-apache-log4j.jar;C:\SoftwareAG101\common\lib\ant\lib\ant-apache-oro.jar;C:\SoftwareAG101\common\lib\ant\lib\ant-apache-regexp.jar;C:\SoftwareAG101\common\lib\ant\lib\ant-apache-resolver.jar;C:\SoftwareAG101\common\lib\ant\lib\ant-apache-xalan2.jar;C:\SoftwareAG101\common\lib\ant\lib\ant-commons-logging.jar;C:\SoftwareAG101\common\lib\ant\lib\ant-commons-net.jar;C:\SoftwareAG101\common\lib\ant\lib\ant-jai.jar;C:\SoftwareAG101\common\lib\ant\lib\ant-javamail.jar;C:\SoftwareAG101\common\lib\ant\lib\ant-jdepend.jar;C:\SoftwareAG101\common\lib\ant\lib\ant-jmf.jar;C:\SoftwareAG101\common\lib\ant\lib\ant-jsch.jar;C:\SoftwareAG101\common\lib\ant\lib\ant-junit.jar;C:\SoftwareAG101\common\lib\ant\lib\ant-junit4.jar;C:\SoftwareAG101\common\lib\ant\lib\ant-launcher.jar;C:\SoftwareAG101\common\lib\ant\lib\ant-netrexx.jar;C:\SoftwareAG101\common\lib\ant\lib\ant-swing.jar;C:\SoftwareAG101\common\lib\ant\lib\ant-testutil.jar;C:\SoftwareAG101\common\lib\ant\lib\ant-xz.jar;C:\SoftwareAG101\common\lib\ant\lib\ant.jar;C:\SoftwareAG101\common\lib\ant\xmltask.jar;C:\SoftwareAG101\common\lib\bam-ccs-defaults.jar;C:\SoftwareAG101\common\lib\bam-ccs-engine.jar;C:\SoftwareAG101\common\lib\bam-ccs-util.jar;C:\SoftwareAG101\common\lib\bam-ccs-ws.jar;C:\SoftwareAG101\common\lib\bam-config.jar;C:\SoftwareAG101\common\lib\bam-http-util.jar;C:\SoftwareAG101\common\lib\bam-jms-util.jar;C:\SoftwareAG101\common\lib\bam-mapi-core.jar;C:\SoftwareAG101\common\lib\bam-mapi-impl.jar;C:\SoftwareAG101\common\lib\bam-security.jar;C:\SoftwareAG101\common\lib\bam-ui.jar;C:\SoftwareAG101\common\lib\bam-util.jar;C:\SoftwareAG101\common\lib\bam-ws-client.jar;C:\SoftwareAG101\common\lib\bam-ws-intf.jar;C:\SoftwareAG101\common\lib\cds\jetty-io.jar;C:\SoftwareAG101\common\lib\cds\jetty-util.jar;C:\SoftwareAG101\common\lib\cds\websocket-api.jar;C:\SoftwareAG101\common\lib\cds\websocket-client.jar;C:\SoftwareAG101\common\lib\cds\websocket-common.jar;C:\SoftwareAG101\common\lib\cstUtils.jar;C:\SoftwareAG101\common\lib\eda-common.jar;C:\SoftwareAG101\common\lib\eda-eventtypes.jar;C:\SoftwareAG101\common\lib\ehcache-ee-terracotta-client-all.jar;C:\SoftwareAG101\common\lib\ehcache-ee.jar;C:\SoftwareAG101\common\lib\event-routing-basic-configuration.jar;C:\SoftwareAG101\common\lib\event-routing-classpath.jar;C:\SoftwareAG101\common\lib\event-routing-configuration-persistence.jar;C:\SoftwareAG101\common\lib\event-routing-encryption.jar;C:\SoftwareAG101\common\lib\event-routing-evp-common.jar;C:\SoftwareAG101\common\lib\event-routing-evp-service-configuration.jar;C:\SoftwareAG101\common\lib\event-routing-evp-shared.jar;C:\SoftwareAG101\common\lib\event-routing-evp.jar;C:\SoftwareAG101\common\lib\event-routing-jms-util.jar;C:\SoftwareAG101\common\lib\event-routing-service-configuration-um.jar;C:\SoftwareAG101\common\lib\events-configuration-tool.jar;C:\SoftwareAG101\common\lib\events-console.jar;C:\SoftwareAG101\common\lib\events-encryption.jar;C:\SoftwareAG101\common\lib\events-lic.jar;C:\SoftwareAG101\common\lib\events-passman-tool.jar;C:\SoftwareAG101\common\lib\events-repo.jar;C:\SoftwareAG101\common\lib\events-routing-configuration.jar;C:\SoftwareAG101\common\lib\events-routing-evp-service-configuration.jar;C:\SoftwareAG101\common\lib\events-routing-evp-shared.jar;C:\SoftwareAG101\common\lib\events-routing-evp.jar;C:\SoftwareAG101\common\lib\events-routing-service-configuration-um.jar;C:\SoftwareAG101\common\lib\events-routing-um.jar;C:\SoftwareAG101\common\lib\events-routing.jar;C:\SoftwareAG101\common\lib\events-type.jar;C:\SoftwareAG101\common\lib\evp-common.jar;C:\SoftwareAG101\common\lib\evp-eda-schema.jar;C:\SoftwareAG101\common\lib\evp-jdbc-util.jar;C:\SoftwareAG101\common\lib\evp-query-api.jar;C:\SoftwareAG101\common\lib\evp-query-parser.jar;C:\SoftwareAG101\common\lib\evp-storage-api.jar;C:\SoftwareAG101\common\lib\evp-util.jar;C:\SoftwareAG101\common\lib\ext\activation.jar;C:\SoftwareAG101\common\lib\ext\antlr4-runtime.jar;C:\SoftwareAG101\common\lib\ext\aspectjrt.jar;C:\SoftwareAG101\common\lib\ext\aspectjweaver.jar;C:\SoftwareAG101\common\lib\ext\axis.jar;C:\SoftwareAG101\common\lib\ext\castor-core.jar;C:\SoftwareAG101\common\lib\ext\castor-xml-schema-extension.jar;C:\SoftwareAG101\common\lib\ext\castor-xml-schema.jar;C:\SoftwareAG101\common\lib\ext\castor-xml.jar;C:\SoftwareAG101\common\lib\ext\commons-beanutils.jar;C:\SoftwareAG101\common\lib\ext\commons-cli.jar;C:\SoftwareAG101\common\lib\ext\commons-codec.jar;C:\SoftwareAG101\common\lib\ext\commons-collections.jar;C:\SoftwareAG101\common\lib\ext\commons-digester.jar;C:\SoftwareAG101\common\lib\ext\commons-discovery.jar;C:\SoftwareAG101\common\lib\ext\commons-fileupload.jar;C:\SoftwareAG101\common\lib\ext\commons-httpclient.jar;C:\SoftwareAG101\common\lib\ext\commons-io.jar;C:\SoftwareAG101\common\lib\ext\commons-lang.jar;C:\SoftwareAG101\common\lib\ext\commons-lang3.jar;C:\SoftwareAG101\common\lib\ext\commons-logging.jar;C:\SoftwareAG101\common\lib\ext\concurrent.jar;C:\SoftwareAG101\common\lib\ext\dd-cjdbc.jar;C:\SoftwareAG101\common\lib\ext\derby.jar;C:\SoftwareAG101\common\lib\ext\enttoolkit.jar;C:\SoftwareAG101\common\lib\ext\esapi.jar;C:\SoftwareAG101\common\lib\ext\guava.jar;C:\SoftwareAG101\common\lib\ext\httpclient.jar;C:\SoftwareAG101\common\lib\ext\httpcore.jar;C:\SoftwareAG101\common\lib\ext\ical4j.jar;C:\SoftwareAG101\common\lib\ext\icu4j.jar;C:\SoftwareAG101\common\lib\ext\jackson-annotations.jar;C:\SoftwareAG101\common\lib\ext\jackson-core.jar;C:\SoftwareAG101\common\lib\ext\jackson-databind.jar;C:\SoftwareAG101\common\lib\ext\jackson-dataformat-yaml.jar;C:\SoftwareAG101\common\lib\ext\jakarta-oro.jar;C:\SoftwareAG101\common\lib\ext\jaxen.jar;C:\SoftwareAG101\common\lib\ext\jdom.jar;C:\SoftwareAG101\common\lib\ext\joda-time.jar;C:\SoftwareAG101\common\lib\ext\jsch.jar;C:\SoftwareAG101\common\lib\ext\jsf-api.jar;C:\SoftwareAG101\common\lib\ext\jsf-impl.jar;C:\SoftwareAG101\common\lib\ext\jsocks.jar;C:\SoftwareAG101\common\lib\ext\jsp-api.jar;C:\SoftwareAG101\common\lib\ext\jzlib.jar;C:\SoftwareAG101\common\lib\ext\ldapfilt.jar;C:\SoftwareAG101\common\lib\ext\ldapjdk.jar;C:\SoftwareAG101\common\lib\ext\log4j.jar;C:\SoftwareAG101\common\lib\ext\not-yet-commons-ssl.jar;C:\SoftwareAG101\common\lib\ext\opensaml.jar;C:\SoftwareAG101\common\lib\ext\opensaml2.jar;C:\SoftwareAG101\common\lib\ext\openws.jar;C:\SoftwareAG101\common\lib\ext\portlet-api.jar;C:\SoftwareAG101\common\lib\ext\protobuf-java.jar;C:\SoftwareAG101\common\lib\ext\relaxngDatatype.jar;C:\SoftwareAG101\common\lib\ext\saxpath.jar;C:\SoftwareAG101\common\lib\ext\serializer.jar;C:\SoftwareAG101\common\lib\ext\servlet-api.jar;C:\SoftwareAG101\common\lib\ext\slf4j-api.jar;C:\SoftwareAG101\common\lib\ext\slf4j-ext.jar;C:\SoftwareAG101\common\lib\ext\slf4j-jdk14.jar;C:\SoftwareAG101\common\lib\ext\slf4j-log4j.jar;C:\SoftwareAG101\common\lib\ext\snakeyaml.jar;C:\SoftwareAG101\common\lib\ext\spring-aop.jar;C:\SoftwareAG101\common\lib\ext\spring-beans.jar;C:\SoftwareAG101\common\lib\ext\spring-context-support.jar;C:\SoftwareAG101\common\lib\ext\spring-context.jar;C:\SoftwareAG101\common\lib\ext\spring-core.jar;C:\SoftwareAG101\common\lib\ext\spring-expression.jar;C:\SoftwareAG101\common\lib\ext\spring-jdbc.jar;C:\SoftwareAG101\common\lib\ext\spring-jms.jar;C:\SoftwareAG101\common\lib\ext\spring-orm.jar;C:\SoftwareAG101\common\lib\ext\spring-test.jar;C:\SoftwareAG101\common\lib\ext\spring-transaction.jar;C:\SoftwareAG101\common\lib\ext\spring-web.jar;C:\SoftwareAG101\common\lib\ext\stax-api.jar;C:\SoftwareAG101\common\lib\ext\stax2.jar;C:\SoftwareAG101\common\lib\ext\swagger-annotations.jar;C:\SoftwareAG101\common\lib\ext\swagger-core.jar;C:\SoftwareAG101\common\lib\ext\swagger-models.jar;C:\SoftwareAG101\common\lib\ext\swagger-parser.jar;C:\SoftwareAG101\common\lib\ext\validation-api.jar;C:\SoftwareAG101\common\lib\ext\velocity.jar;C:\SoftwareAG101\common\lib\ext\wsdl4j.jar;C:\SoftwareAG101\common\lib\ext\wss4j.jar;C:\SoftwareAG101\common\lib\ext\wstx-asl.jar;C:\SoftwareAG101\common\lib\ext\xalan.jar;C:\SoftwareAG101\common\lib\ext\xercesImpl.jar;C:\SoftwareAG101\common\lib\ext\xml-apis.jar;C:\SoftwareAG101\common\lib\ext\xmlbeans.jar;C:\SoftwareAG101\common\lib\ext\xmlsec.jar;C:\SoftwareAG101\common\lib\ext\xmltooling.jar;C:\SoftwareAG101\common\lib\glassfish\gf.asm.jar;C:\SoftwareAG101\common\lib\glassfish\gf.jackson-core-asl.jar;C:\SoftwareAG101\common\lib\glassfish\gf.jackson-jaxrs.jar;C:\SoftwareAG101\common\lib\glassfish\gf.jackson-mapper-asl.jar;C:\SoftwareAG101\common\lib\glassfish\gf.javax.annotation.jar;C:\SoftwareAG101\common\lib\glassfish\gf.javax.ejb.jar;C:\SoftwareAG101\common\lib\glassfish\gf.javax.el-api.jar;C:\SoftwareAG101\common\lib\glassfish\gf.javax.jms.jar;C:\SoftwareAG101\common\lib\glassfish\gf.javax.mail.jar;C:\SoftwareAG101\common\lib\glassfish\gf.javax.persistence.jar;C:\SoftwareAG101\common\lib\glassfish\gf.javax.resource.jar;C:\SoftwareAG101\common\lib\glassfish\gf.javax.servlet-api.jar;C:\SoftwareAG101\common\lib\glassfish\gf.javax.servlet.jsp-api.jar;C:\SoftwareAG101\common\lib\glassfish\gf.javax.servlet.jsp.jar;C:\SoftwareAG101\common\lib\glassfish\gf.javax.transaction.jar;C:\SoftwareAG101\common\lib\glassfish\gf.jaxb-api.jar;C:\SoftwareAG101\common\lib\glassfish\gf.jaxb-osgi.jar;C:\SoftwareAG101\common\lib\glassfish\gf.jaxm-api.jar;C:\SoftwareAG101\common\lib\glassfish\gf.jaxr-api-osgi.jar;C:\SoftwareAG101\common\lib\glassfish\gf.jaxrpc-api-osgi.jar;C:\SoftwareAG101\common\lib\glassfish\gf.jersey-json.jar;C:\SoftwareAG101\common\lib\glue.jar;C:\SoftwareAG101\common\lib\inmUtil.jar;C:\SoftwareAG101\common\lib\jcr\jackrabbit-api.jar;C:\SoftwareAG101\common\lib\jcr\jackrabbit-jcr-commons.jar;C:\SoftwareAG101\common\lib\jcr\jackrabbit-jcr-rmi.jar;C:\SoftwareAG101\common\lib\jcr\jackrabbit-jcr2dav.jar;C:\SoftwareAG101\common\lib\jcr\jackrabbit-jcr2spi.jar;C:\SoftwareAG101\common\lib\jcr\jackrabbit-spi-commons.jar;C:\SoftwareAG101\common\lib\jcr\jackrabbit-spi.jar;C:\SoftwareAG101\common\lib\jcr\jackrabbit-spi2dav.jar;C:\SoftwareAG101\common\lib\jcr\jackrabbit-webdav.jar;C:\SoftwareAG101\common\lib\jcr\jcr.jar;C:\SoftwareAG101\common\lib\migrate\commons-collections-3.2.2-eclipse463.jar;C:\SoftwareAG101\common\lib\migrate\commons-configuration.jar;C:\SoftwareAG101\common\lib\migrate\commons-io.jar;C:\SoftwareAG101\common\lib\migrate\commons-lang.jar;C:\SoftwareAG101\common\lib\migrate\commons-logging.jar;C:\SoftwareAG101\common\lib\migrate\platform-common-migration.jar;C:\SoftwareAG101\common\lib\migrate\sec-authz-store.jar;C:\SoftwareAG101\common\lib\migrate\sec-common.jar;C:\SoftwareAG101\common\lib\migrate\sec-jaas.jar;C:\SoftwareAG101\common\lib\nAdminAPI.jar;C:\SoftwareAG101\common\lib\nAdminXMLAPI.jar;C:\SoftwareAG101\common\lib\nClient.jar;C:\SoftwareAG101\common\lib\nDeployer.jar;C:\SoftwareAG101\common\lib\nJMS.jar;C:\SoftwareAG101\common\lib\nPlugin.jar;C:\SoftwareAG101\common\lib\saglic.jar;C:\SoftwareAG101\common\lib\spm-metering-validator.jar;C:\SoftwareAG101\common\lib\terracotta-common-client.jar;C:\SoftwareAG101\common\lib\terracotta-ehcache-client.jar;C:\SoftwareAG101\common\lib\terracotta-store-client.jar;C:\SoftwareAG101\common\lib\terracotta-toolkit-runtime-ee.jar;C:\SoftwareAG101\common\lib\tw-3.5.29\wrapper.jar;C:\SoftwareAG101\common\lib\tw-3.5.32\wrapper.jar;C:\SoftwareAG101\common\lib\uddi-client.jar;C:\SoftwareAG101\common\lib\uddiKeyConverter.jar;C:\SoftwareAG101\common\lib\uddiv3ClientAPI-L10N.jar;C:\SoftwareAG101\common\lib\uddiv3ClientAPI-L10N_en.jar;C:\SoftwareAG101\common\lib\uddiv3ClientAPI.jar;C:\SoftwareAG101\common\lib\umStorage.jar;C:\SoftwareAG101\common\lib\umTransport.jar;C:\SoftwareAG101\common\lib\wm-acdl-common.jar;C:\SoftwareAG101\common\lib\wm-bc-gadget-api.jar;C:\SoftwareAG101\common\lib\wm-bc-schemas.jar;C:\SoftwareAG101\common\lib\wm-bpm-processmodel.jar;C:\SoftwareAG101\common\lib\wm-broker-acdl.jar;C:\SoftwareAG101\common\lib\wm-brokerclient.jar;C:\SoftwareAG101\common\lib\wm-business-console-api.jar;C:\SoftwareAG101\common\lib\wm-caf-bpm.jar;C:\SoftwareAG101\common\lib\wm-caf-client.jar;C:\SoftwareAG101\common\lib\wm-caf-common.jar;C:\SoftwareAG101\common\lib\wm-caf-diagnostics.jar;C:\SoftwareAG101\common\lib\wm-caf-event-common.jar;C:\SoftwareAG101\common\lib\wm-caf-event.jar;C:\SoftwareAG101\common\lib\wm-caf-jcr.jar;C:\SoftwareAG101\common\lib\wm-caf-jsf-portlet.jar;C:\SoftwareAG101\common\lib\wm-caf-jsf.jar;C:\SoftwareAG101\common\lib\wm-caf-rules.jar;C:\SoftwareAG101\common\lib\wm-caf-script.jar;C:\SoftwareAG101\common\lib\wm-caf-server-common.jar;C:\SoftwareAG101\common\lib\wm-caf-server-jsf.jar;C:\SoftwareAG101\common\lib\wm-caf-server-schemas.jar;C:\SoftwareAG101\common\lib\wm-caf-server.jar;C:\SoftwareAG101\common\lib\wm-caf-sql.jar;C:\SoftwareAG101\common\lib\wm-caf-ws-glue.jar;C:\SoftwareAG101\common\lib\wm-caf-ws-wss.jar;C:\SoftwareAG101\common\lib\wm-calendar-components.jar;C:\SoftwareAG101\common\lib\wm-calendar.jar;C:\SoftwareAG101\common\lib\wm-cdc-core.jar;C:\SoftwareAG101\common\lib\wm-directory-components.jar;C:\SoftwareAG101\common\lib\wm-directory.jar;C:\SoftwareAG101\common\lib\wm-eform-common.jar;C:\SoftwareAG101\common\lib\wm-eform.jar;C:\SoftwareAG101\common\lib\wm-g11nutils.jar;C:\SoftwareAG101\common\lib\wm-is-migration-framework.jar;C:\SoftwareAG101\common\lib\wm-isclient.jar;C:\SoftwareAG101\common\lib\wm-jmsadmin.jar;C:\SoftwareAG101\common\lib\wm-jmsclient.jar;C:\SoftwareAG101\common\lib\wm-jmsnaming.jar;C:\SoftwareAG101\common\lib\wm-lwq.jar;C:\SoftwareAG101\common\lib\wm-metadata-core-centrasite.jar;C:\SoftwareAG101\common\lib\wm-metadata-core.jar;C:\SoftwareAG101\common\lib\wm-mws-calendar-rest.jar;C:\SoftwareAG101\common\lib\wm-mws-calendar-um.jar;C:\SoftwareAG101\common\lib\wm-mws-directory-rest.jar;C:\SoftwareAG101\common\lib\wm-mws-directory-um.jar;C:\SoftwareAG101\common\lib\wm-mws-library.jar;C:\SoftwareAG101\common\lib\wm-mws-portlet-api.jar;C:\SoftwareAG101\common\lib\wm-mws-te-api.jar;C:\SoftwareAG101\common\lib\wm-mws-te.jar;C:\SoftwareAG101\common\lib\wm-process-bam-wmn.jar;C:\SoftwareAG101\common\lib\wm-scg-audit.jar;C:\SoftwareAG101\common\lib\wm-scg-cluster.jar;C:\SoftwareAG101\common\lib\wm-scg-core.jar;C:\SoftwareAG101\common\lib\wm-scg-jdbcpool.jar;C:\SoftwareAG101\common\lib\wm-scg-security.jar;C:\SoftwareAG101\common\lib\wm-shared-bam-wmn.jar;C:\SoftwareAG101\common\lib\wm-trang.jar;C:\SoftwareAG101\common\lib\wm-wsclient.jar;C:\SoftwareAG101\common\lib\wvcm.jar;C:\SoftwareAG101\common\lib\xqj-ino-api.jar;C:\SoftwareAG101\common\lib\xqjapi.jar" />
    <property name="ant.version" value="Apache Ant(TM) version 1.10.1 compiled on February 2 2017" />
    <property name="java.vm.specification.name" value="Java Virtual Machine Specification" />
    <property name="ant.file.type.MedTestSuiteAuto" value="file" />
    <property name="ant.file.type" value="file" />
    <property name="java.vm.specification.version" value="1.8" />
    <property name="sun.cpu.endian" value="little" />
    <property name="sun.os.patch.level" value="Service Pack 1" />
    <property name="java.io.tmpdir" value="C:\Users\huba\AppData\Local\Temp\" />
    <property name="java.vendor.url.bug" value="http://bugreport.sun.com/bugreport/" />
    <property name="webMethods.integrationServer.name" value="MCHUBA01.eur.ad.sag" />
    <property name="os.arch" value="amd64" />
    <property name="java.awt.graphicsenv" value="sun.awt.Win32GraphicsEnvironment" />
    <property name="java.ext.dirs" value="C:\SoftwareAG101\jvm\jvm\jre\lib\ext;C:\Windows\Sun\Java\lib\ext" />
    <property name="user.dir" value="C:\SoftwareAG101\IntegrationServer\instances\default\packages\MedTestSuiteDemo_Test" />
    <property name="file.basename" value="MedTestSuiteDemo" />
    <property name="line.separator" value="&#xd;&#xa;" />
    <property name="java.vm.name" value="Java HotSpot(TM) 64-Bit Server VM" />
    <property name="basedir" value="C:\SoftwareAG101\common\lib\ant\bin" />
    <property name="ant.java.version" value="1.8" />
    <property name="ant.core.lib" value="C:\SoftwareAG101\common\lib\ant\lib\ant.jar" />
    <property name="file.encoding" value="Cp1252" />
    <property name="sun.stderr.encoding" value="cp437" />
    <property name="webMethods.integrationServer.password" value="manage" />
    <property name="test.xml.dir" value="C:\SoftwareAG101\IntegrationServer\instances\default\packages\MedTestSuiteDemo_Test\resources\test\setup" />
    <property name="java.specification.version" value="1.8" />
    <property name="ant.project.invoked-targets" value="test-and-report-xml" />
  </properties>
  <testcase classname="com.wm.ps.test.WmTestCase" name="P1_Success_00001" time="0.063" />
  <testcase classname="com.wm.ps.test.WmTestCase" name="P2_Fail_00001" time="0.062">
    <failure message="result :Expected and actual objects don&apos;t match.: expected &lt;60&gt; but was &lt;50&gt;" type="junit.framework.AssertionFailedError">junit.framework.AssertionFailedError: result :Expected and actual objects don&apos;t match.: expected &lt;60&gt; but was &lt;50&gt;
	at com.wm.ps.test.WmAssert.assertIDataEquals(WmAssert.java:161)
	at com.wm.ps.test.WmAssert.assertEquals(WmAssert.java:71)
	at com.wm.ps.test.DefaultResultsValidator.assertValid(DefaultResultsValidator.java:163)
	at com.wm.ps.test.WmTestCase.runInvoke(WmTestCase.java:1135)
	at com.wm.ps.test.WmTestCase.runTest(WmTestCase.java:1045)
</failure>
  </testcase>
  <testcase classname="com.wm.ps.test.WmTestCase" name="P1_Success_Greetings_0001" time="0.023" />
  <testcase classname="com.wm.ps.test.WmTestCase" name="P1_Success_Greetings_Mock_0001" time="0.128" />
  <testcase classname="com.wm.ps.test.WmTestCase" name="P1_Fail_Greetings_Mock_0001" time="0.014">
    <failure message="completeMessage :Expected and actual objects don&apos;t match.: expected &lt;Hi Hukam&gt; but was &lt;Hi SoftwareAG&gt;" type="junit.framework.AssertionFailedError">junit.framework.AssertionFailedError: completeMessage :Expected and actual objects don&apos;t match.: expected &lt;Hi Hukam&gt; but was &lt;Hi SoftwareAG&gt;
	at com.wm.ps.test.WmAssert.assertIDataEquals(WmAssert.java:161)
	at com.wm.ps.test.WmAssert.assertEquals(WmAssert.java:71)
	at com.wm.ps.test.DefaultResultsValidator.assertValid(DefaultResultsValidator.java:163)
	at com.wm.ps.test.WmTestCase.runInvoke(WmTestCase.java:1135)
	at com.wm.ps.test.WmTestCase.runTest(WmTestCase.java:1045)
</failure>
  </testcase>
  <system-out><![CDATA[]]></system-out>
  <system-err><![CDATA[]]></system-err>
</testsuite>
